{"/Users/bryanbrophy/Projects/react-sorcerer/src/Sorcerer.tsx": {"path":"/Users/bryanbrophy/Projects/react-sorcerer/src/Sorcerer.tsx","statementMap":{"0":{"start":{"line":11,"column":29},"end":{"line":16,"column":4}},"1":{"start":{"line":18,"column":2},"end":{"line":25,"column":4}}},"fnMap":{"0":{"name":"Sorcerer","decl":{"start":{"line":10,"column":16},"end":{"line":10,"column":24}},"loc":{"start":{"line":10,"column":66},"end":{"line":26,"column":1}},"line":10}},"branchMap":{},"s":{"0":1,"1":1},"f":{"0":1},"b":{},"_coverageSchema":"1a1c01bbd47fc00a2c39e90264f33305004495a9","hash":"a8f9ffe91a305a5b4a61cefc6728f42f84ba7f91"}
,"/Users/bryanbrophy/Projects/react-sorcerer/src/index.ts": {"path":"/Users/bryanbrophy/Projects/react-sorcerer/src/index.ts","statementMap":{},"fnMap":{},"branchMap":{},"s":{},"f":{},"b":{}}
,"/Users/bryanbrophy/Projects/react-sorcerer/src/useSorcerer.tsx": {"path":"/Users/bryanbrophy/Projects/react-sorcerer/src/useSorcerer.tsx","statementMap":{"0":{"start":{"line":23,"column":29},"end":{"line":23,"column":62}},"1":{"start":{"line":25,"column":16},"end":{"line":32,"column":43}},"2":{"start":{"line":26,"column":37},"end":{"line":26,"column":43}},"3":{"start":{"line":27,"column":25},"end":{"line":27,"column":44}},"4":{"start":{"line":28,"column":22},"end":{"line":28,"column":34}},"5":{"start":{"line":29,"column":22},"end":{"line":29,"column":84}},"6":{"start":{"line":31,"column":4},"end":{"line":31,"column":21}},"7":{"start":{"line":34,"column":17},"end":{"line":44,"column":26}},"8":{"start":{"line":35,"column":27},"end":{"line":35,"column":33}},"9":{"start":{"line":36,"column":21},"end":{"line":36,"column":23}},"10":{"start":{"line":38,"column":4},"end":{"line":41,"column":5}},"11":{"start":{"line":39,"column":29},"end":{"line":39,"column":33}},"12":{"start":{"line":40,"column":6},"end":{"line":40,"column":41}},"13":{"start":{"line":43,"column":4},"end":{"line":43,"column":22}},"14":{"start":{"line":46,"column":2},"end":{"line":51,"column":4}}},"fnMap":{"0":{"name":"useSorcerer","decl":{"start":{"line":22,"column":16},"end":{"line":22,"column":27}},"loc":{"start":{"line":22,"column":74},"end":{"line":52,"column":1}},"line":22},"1":{"name":"(anonymous_1)","decl":{"start":{"line":25,"column":24},"end":{"line":25,"column":25}},"loc":{"start":{"line":25,"column":30},"end":{"line":32,"column":3}},"line":25},"2":{"name":"(anonymous_2)","decl":{"start":{"line":34,"column":25},"end":{"line":34,"column":26}},"loc":{"start":{"line":34,"column":31},"end":{"line":44,"column":3}},"line":34}},"branchMap":{},"s":{"0":2,"1":2,"2":2,"3":2,"4":2,"5":2,"6":2,"7":2,"8":2,"9":2,"10":2,"11":8,"12":8,"13":2,"14":2},"f":{"0":2,"1":2,"2":2},"b":{},"_coverageSchema":"1a1c01bbd47fc00a2c39e90264f33305004495a9","hash":"4a1d0f50f96ab8c60e6255dea93f0ca4f0c31d32"}
,"/Users/bryanbrophy/Projects/react-sorcerer/src/testUtils/testData.ts": {"path":"/Users/bryanbrophy/Projects/react-sorcerer/src/testUtils/testData.ts","statementMap":{"0":{"start":{"line":1,"column":26},"end":{"line":18,"column":1}},"1":{"start":{"line":19,"column":27},"end":{"line":19,"column":43}},"2":{"start":{"line":20,"column":29},"end":{"line":20,"column":57}},"3":{"start":{"line":21,"column":27},"end":{"line":21,"column":68}},"4":{"start":{"line":23,"column":2},"end":{"line":23,"column":186}}},"fnMap":{},"branchMap":{},"s":{"0":2,"1":2,"2":2,"3":2,"4":2},"f":{},"b":{},"_coverageSchema":"1a1c01bbd47fc00a2c39e90264f33305004495a9","hash":"04464513005da64ce96e5385a92ca3f61fd13454"}
}
