TN:
SF:src/Sorcerer.tsx
FN:10,Sorcerer
FNF:1
FNH:1
FNDA:1,Sorcerer
DA:11,1
DA:18,1
LF:2
LH:2
BRF:0
BRH:0
end_of_record
TN:
SF:src/index.ts
FNF:0
FNH:0
LF:0
LH:0
BRF:0
BRH:0
end_of_record
TN:
SF:src/useSorcerer.tsx
FN:22,useSorcerer
FN:25,(anonymous_1)
FN:34,(anonymous_2)
FNF:3
FNH:3
FNDA:2,useSorcerer
FNDA:2,(anonymous_1)
FNDA:2,(anonymous_2)
DA:23,2
DA:25,2
DA:26,2
DA:27,2
DA:28,2
DA:29,2
DA:31,2
DA:34,2
DA:35,2
DA:36,2
DA:38,2
DA:39,8
DA:40,8
DA:43,2
DA:46,2
LF:15
LH:15
BRF:0
BRH:0
end_of_record
TN:
SF:src/testUtils/testData.ts
FNF:0
FNH:0
DA:1,2
DA:19,2
DA:20,2
DA:21,2
DA:23,2
LF:5
LH:5
BRF:0
BRH:0
end_of_record
